<?xml version="1.0" encoding="UTF-8"?>
<testng-results skipped="0" failed="0" ignored="0" total="1" passed="1">
  <reporter-output>
  </reporter-output>
  <suite name="Default suite" duration-ms="10695" started-at="2020-06-14T16:57:25Z" finished-at="2020-06-14T16:57:35Z">
    <groups>
    </groups>
    <test name="Default test" duration-ms="10695" started-at="2020-06-14T16:57:25Z" finished-at="2020-06-14T16:57:35Z">
      <class name="com.weframeandwork.qa.testcases.loginPageTest">
        <test-method status="PASS" signature="driverStart()[pri:0, instance:com.weframeandwork.qa.testcases.loginPageTest@3bfdc050]" name="driverStart" is-config="true" duration-ms="8870" started-at="2020-06-14T16:57:25Z" finished-at="2020-06-14T16:57:33Z">
          <reporter-output>
          </reporter-output>
        </test-method> <!-- driverStart -->
        <test-method status="PASS" signature="validateBlankEmailforRegistrationError()[pri:0, instance:com.weframeandwork.qa.testcases.loginPageTest@3bfdc050]" name="validateBlankEmailforRegistrationError" duration-ms="846" started-at="2020-06-14T16:57:33Z" finished-at="2020-06-14T16:57:34Z">
          <reporter-output>
          </reporter-output>
        </test-method> <!-- validateBlankEmailforRegistrationError -->
        <test-method status="PASS" signature="tearDown()[pri:0, instance:com.weframeandwork.qa.testcases.loginPageTest@3bfdc050]" name="tearDown" is-config="true" duration-ms="853" started-at="2020-06-14T16:57:34Z" finished-at="2020-06-14T16:57:35Z">
          <reporter-output>
          </reporter-output>
        </test-method> <!-- tearDown -->
      </class> <!-- com.weframeandwork.qa.testcases.loginPageTest -->
    </test> <!-- Default test -->
  </suite> <!-- Default suite -->
</testng-results>
